<?xml version="1.0" encoding="UTF-8"?>
<!-- Generated by org.testng.reporters.JUnitXMLReporter -->
<testsuite hostname="FC45964D016E" name="Surefire test" tests="1" failures="0" timestamp="17 Jan 2021 19:32:15 GMT" time="0.393" errors="0">
  <testcase name="@BeforeTest Initialize" time="0.0" classname="UniversalAPPMaven.UniversalAppMaven.HomePageTest">
    <failure type="java.lang.IllegalArgumentException" message="Malformed \uxxxx encoding.">
      <![CDATA[java.lang.IllegalArgumentException: Malformed \uxxxx encoding.
	at java.util.Properties.loadConvert(Properties.java:574)
	at java.util.Properties.load0(Properties.java:391)
	at java.util.Properties.load(Properties.java:341)
	at UniversalAPPMaven.UniversalAppMaven.Base.Capabilities(Base.java:21)
	at UniversalAPPMaven.UniversalAppMaven.HomePageTest.Initialize(HomePageTest.java:21)
	at org.apache.maven.surefire.testng.TestNGExecutor.run(TestNGExecutor.java:135)
	at org.apache.maven.surefire.testng.TestNGDirectoryTestSuite.executeMulti(TestNGDirectoryTestSuite.java:193)
	at org.apache.maven.surefire.testng.TestNGDirectoryTestSuite.execute(TestNGDirectoryTestSuite.java:94)
	at org.apache.maven.surefire.testng.TestNGProvider.invoke(TestNGProvider.java:146)
	at org.apache.maven.surefire.booter.ForkedBooter.invokeProviderInSameClassLoader(ForkedBooter.java:384)
	at org.apache.maven.surefire.booter.ForkedBooter.runSuitesInProcess(ForkedBooter.java:345)
	at org.apache.maven.surefire.booter.ForkedBooter.execute(ForkedBooter.java:126)
	at org.apache.maven.surefire.booter.ForkedBooter.main(ForkedBooter.java:418)
... Removed 19 stack frames]]>
    </failure>
  </testcase> <!-- @BeforeTest Initialize -->
  <testcase name="@AfterTest closeTest" time="0.0" classname="UniversalAPPMaven.UniversalAppMaven.HomePageTest">
    <skipped/>
  </testcase> <!-- @AfterTest closeTest -->
  <testcase name="PlayRockSong" time="0.003" classname="UniversalAPPMaven.UniversalAppMaven.HomePageTest">
    <skipped/>
  </testcase> <!-- PlayRockSong -->
</testsuite> <!-- Surefire test -->
